<?xml version="1.0" encoding="UTF-8"?>
<!-- Generated by org.testng.reporters.JUnitReportReporter -->
<testsuite hostname="DESKTOP-KUI76CU" failures="0" tests="4" name="api.test.UserTests2" time="21.897" errors="0" timestamp="2023-06-10T13:17:56 SGT" skipped="0">
  <testcase classname="api.test.UserTests2" name="testPostUser" time="17.444"/>
  <system-out/>
  <testcase classname="api.test.UserTests2" name="testGetUserByName" time="1.165"/>
  <system-out/>
  <testcase classname="api.test.UserTests2" name="testUpdateUserByName" time="2.210"/>
  <system-out/>
  <testcase classname="api.test.UserTests2" name="testDeleteUserByName" time="1.078"/>
  <system-out/>
</testsuite> <!-- api.test.UserTests2 -->
