<?xml version="1.0" encoding="UTF-8"?>
<!-- Generated by org.testng.reporters.JUnitReportReporter -->
<testsuite hostname="DESKTOP-KUI76CU" failures="0" tests="6" name="api.test.DDTests" time="60.110" errors="0" timestamp="2023-06-10T12:38:13 SGT" skipped="0">
  <testcase classname="api.test.DDTests" name="testPostuser" time="1.093"/>
  <system-out/>
  <testcase classname="api.test.DDTests" name="testPostuser" time="16.141"/>
  <system-out/>
  <testcase classname="api.test.DDTests" name="testPostuser" time="3.286"/>
  <system-out/>
  <testcase classname="api.test.DDTests" name="testDeleteUserByName" time="1.353"/>
  <system-out/>
  <testcase classname="api.test.DDTests" name="testDeleteUserByName" time="37.100"/>
  <system-out/>
  <testcase classname="api.test.DDTests" name="testDeleteUserByName" time="1.137"/>
  <system-out/>
</testsuite> <!-- api.test.DDTests -->
