<?xml version="1.0" encoding="UTF-8"?>
<!-- Generated by org.testng.reporters.JUnitReportReporter -->
<testsuite hostname="DESKTOP-KUI76CU" failures="0" tests="4" name="api.test.UserTests" time="58.294" errors="0" timestamp="2023-06-10T12:53:40 SGT" skipped="0">
  <testcase classname="api.test.UserTests" name="testPostUser" time="17.855"/>
  <system-out/>
  <testcase classname="api.test.UserTests" name="testGetUserByName" time="1.052"/>
  <system-out/>
  <testcase classname="api.test.UserTests" name="testUpdateUserByName" time="2.186"/>
  <system-out/>
  <testcase classname="api.test.UserTests" name="testDeleteUserByName" time="37.201"/>
  <system-out/>
</testsuite> <!-- api.test.UserTests -->
